Symlinking /home/proto/Eklavya-Copter Control/Eklavya-Copter-Control/pid_sliders/dynamic_reconfigure/devel/include/dynamic_tutorials/TutorialsConfig.h
Symlinking /home/proto/Eklavya-Copter Control/Eklavya-Copter-Control/pid_sliders/dynamic_reconfigure/devel/lib/pkgconfig/dynamic_tutorials.pc
Symlinking /home/proto/Eklavya-Copter Control/Eklavya-Copter-Control/pid_sliders/dynamic_reconfigure/devel/lib/python3/dist-packages/dynamic_tutorials/__init__.py
Symlinking /home/proto/Eklavya-Copter Control/Eklavya-Copter-Control/pid_sliders/dynamic_reconfigure/devel/lib/python3/dist-packages/dynamic_tutorials/cfg/TutorialsConfig.py
Symlinking /home/proto/Eklavya-Copter Control/Eklavya-Copter-Control/pid_sliders/dynamic_reconfigure/devel/lib/python3/dist-packages/dynamic_tutorials/cfg/__init__.py
Symlinking /home/proto/Eklavya-Copter Control/Eklavya-Copter-Control/pid_sliders/dynamic_reconfigure/devel/share/dynamic_tutorials/docs/TutorialsConfig-usage.dox
Symlinking /home/proto/Eklavya-Copter Control/Eklavya-Copter-Control/pid_sliders/dynamic_reconfigure/devel/share/dynamic_tutorials/docs/TutorialsConfig.wikidoc
Symlinking /home/proto/Eklavya-Copter Control/Eklavya-Copter-Control/pid_sliders/dynamic_reconfigure/devel/share/dynamic_tutorials/docs/TutorialsConfig.dox
Symlinking /home/proto/Eklavya-Copter Control/Eklavya-Copter-Control/pid_sliders/dynamic_reconfigure/devel/share/dynamic_tutorials/cmake/dynamic_tutorialsConfig.cmake
Symlinking /home/proto/Eklavya-Copter Control/Eklavya-Copter-Control/pid_sliders/dynamic_reconfigure/devel/share/dynamic_tutorials/cmake/dynamic_tutorialsConfig-version.cmake
Could not clean linked files.
Traceback (most recent call last):
  File "/usr/local/lib/python3.8/dist-packages/catkin_tools/execution/stages.py", line 177, in function_proxy
    return function(logger, event_queue, *args, **kwargs)
  File "/usr/local/lib/python3.8/dist-packages/catkin_tools/jobs/catkin.py", line 348, in link_devel_products
    clean_linked_files(logger, event_queue, metadata_path, files_that_collide, files_to_clean, dry_run=False)
  File "/usr/local/lib/python3.8/dist-packages/catkin_tools/jobs/catkin.py", line 106, in clean_linked_files
    dest_collisions = dict([(path, int(count)) for path, count in collisions_reader])
  File "/usr/local/lib/python3.8/dist-packages/catkin_tools/jobs/catkin.py", line 106, in <listcomp>
    dest_collisions = dict([(path, int(count)) for path, count in collisions_reader])
ValueError: invalid literal for int() with base 10: 'HEAD'

Stage `symlink` failed with arguments:
  package: {'package_format': 2, 'name': 'dynamic_tutorials', 'version': '0.0.0', 'version_compatibility': None, 'description': 'The dynamic_tutorials package', 'plaintext_description': 'The dynamic_tutorials package', 'maintainers': [<catkin_pkg.package.Person object at 0x7fd0e26a6f40>], 'licenses': ['TODO'], 'urls': [], 'authors': [], 'build_depends': [Dependency(name='dynamic_reconfigure', evaluated_condition=True), Dependency(name='roscpp', evaluated_condition=True), Dependency(name='rospy', evaluated_condition=True)], 'buildtool_depends': [Dependency(name='catkin', evaluated_condition=True)], 'build_export_depends': [Dependency(name='dynamic_reconfigure', evaluated_condition=True), Dependency(name='roscpp', evaluated_condition=True), Dependency(name='rospy', evaluated_condition=True)], 'buildtool_export_depends': [], 'exec_depends': [Dependency(name='dynamic_reconfigure', evaluated_condition=True), Dependency(name='roscpp', evaluated_condition=True), Dependency(name='rospy', evaluated_condition=True)], 'test_depends': [], 'doc_depends': [], 'conflicts': [], 'replaces': [], 'group_depends': [], 'member_of_groups': [], 'exports': [], 'filename': '/home/proto/Eklavya-Copter Control/Eklavya-Copter-Control/pid_sliders/dynamic_reconfigure/src/dynamic_tutorials/package.xml'}
  package_path: dynamic_tutorials
  devel_manifest_path: /home/proto/Eklavya-Copter Control/Eklavya-Copter-Control/pid_sliders/dynamic_reconfigure/.catkin_tools/profiles/default/packages/dynamic_tutorials
  source_devel_path: /home/proto/Eklavya-Copter Control/Eklavya-Copter-Control/pid_sliders/dynamic_reconfigure/devel/.private/dynamic_tutorials
  dest_devel_path: /home/proto/Eklavya-Copter Control/Eklavya-Copter-Control/pid_sliders/dynamic_reconfigure/devel
  metadata_path: /home/proto/Eklavya-Copter Control/Eklavya-Copter-Control/pid_sliders/dynamic_reconfigure/.catkin_tools/profiles/default
  prebuild: False
