Not searching for unused variables given on the command line.
[36m--[0m Using CATKIN_DEVEL_PREFIX: /home/proto/Eklavya-Copter Control/Eklavya-Copter-Control/pid_sliders/dynamic_reconfigure/devel/.private/dynamic_tutorials
[36m--[0m Using CMAKE_PREFIX_PATH: /home/proto/Eklavya-Copter Control/Eklavya-Copter-Control/pid_sliders/dynamic_reconfigure/devel;/home/proto/Eklavya_copter_ws/devel;/home/proto/HolA-Bot_e-YRC/devel;/home/proto/Simulation/devel;/home/proto/omav_ws/devel;/home/proto/copter/devel;/opt/ros/noetic
[36m--[0m This workspace overlays: /home/proto/Eklavya-Copter Control/Eklavya-Copter-Control/pid_sliders/dynamic_reconfigure/devel;/home/proto/Eklavya_copter_ws/devel;/home/proto/HolA-Bot_e-YRC/devel;/home/proto/Simulation/devel;/home/proto/omav_ws/devel;/home/proto/copter/devel;/opt/ros/noetic
[36m--[0m Found PythonInterp: /usr/bin/python3 (found suitable version "3.8.10", minimum required is "3")
[36m--[0m Using PYTHON_EXECUTABLE: /usr/bin/python3
[36m--[0m Using Debian Python package layout
[36m--[0m Using empy: /usr/lib/python3/dist-packages/em.py
[36m--[0m Using CATKIN_ENABLE_TESTING: ON
[36m--[0m Call enable_testing()
[36m--[0m Using CATKIN_TEST_RESULTS_DIR: /home/proto/Eklavya-Copter Control/Eklavya-Copter-Control/pid_sliders/dynamic_reconfigure/build/dynamic_tutorials/test_results
[36m--[0m Forcing gtest/gmock from source, though one was otherwise available.
[36m--[0m Found gtest sources under '/usr/src/googletest': gtests will be built
[36m--[0m Found gmock sources under '/usr/src/googletest': gmock will be built
[36m--[0m Found PythonInterp: /usr/bin/python3 (found version "3.8.10")
[36m--[0m Using Python nosetests: /usr/bin/nosetests3
[36m--[0m catkin 0.8.10
[36m--[0m BUILD_SHARED_LIBS is on
[31m[1mCMake Error[0m at /home/proto/Eklavya-Copter Control/Eklavya-Copter-Control/pid_sliders/dynamic_reconfigure/src/dynamic_tutorials/CMakeLists.txt:142 (add_dependencies):
  Cannot add target-level dependencies to non-existent target
  "controller_node".

  The add_dependencies works for top-level logical targets created by the
  add_executable, add_library, or add_custom_target commands.  If you want to
  add file-level dependencies see the DEPENDS option of the add_custom_target
  and add_custom_command commands.


[36m--[0m Configuring incomplete, errors occurred!
See also "/home/proto/Eklavya-Copter Control/Eklavya-Copter-Control/pid_sliders/dynamic_reconfigure/build/dynamic_tutorials/CMakeFiles/CMakeOutput.log".
See also "/home/proto/Eklavya-Copter Control/Eklavya-Copter-Control/pid_sliders/dynamic_reconfigure/build/dynamic_tutorials/CMakeFiles/CMakeError.log".
